<?xml version="1.0" encoding="UTF-8"?>
<testng-results skipped="0" failed="0" total="1" passed="1">
  <reporter-output>
  </reporter-output>
  <suite name="Default suite" duration-ms="30543" started-at="2019-10-12T17:33:42Z" finished-at="2019-10-12T17:34:13Z">
    <groups>
    </groups>
    <test name="Default test" duration-ms="30543" started-at="2019-10-12T17:33:42Z" finished-at="2019-10-12T17:34:13Z">
      <class name="com.qa.Twilio.Utility.AmazonOTPHandle">
        <test-method status="PASS" signature="otpHandle()[pri:0, instance:com.qa.Twilio.Utility.AmazonOTPHandle@4678c730]" name="otpHandle" duration-ms="30508" started-at="2019-10-12T23:03:42Z" finished-at="2019-10-12T23:04:13Z">
          <reporter-output>
          </reporter-output>
        </test-method> <!-- otpHandle -->
      </class> <!-- com.qa.Twilio.Utility.AmazonOTPHandle -->
    </test> <!-- Default test -->
  </suite> <!-- Default suite -->
</testng-results>
